TN:
SF:server.js
FN:28,(anonymous_0)
FN:32,(anonymous_1)
FN:37,(anonymous_2)
FN:46,(anonymous_3)
FN:51,(anonymous_4)
FNF:5
FNH:1
FNDA:0,(anonymous_0)
FNDA:0,(anonymous_1)
FNDA:0,(anonymous_2)
FNDA:0,(anonymous_3)
FNDA:1,(anonymous_4)
DA:1,2
DA:2,2
DA:3,2
DA:4,2
DA:6,2
DA:7,2
DA:10,2
DA:14,2
DA:15,2
DA:18,2
DA:21,2
DA:22,2
DA:24,2
DA:25,2
DA:28,2
DA:29,0
DA:32,2
DA:33,0
DA:37,2
DA:38,0
DA:39,0
DA:46,2
DA:47,0
DA:51,2
DA:52,1
DA:53,1
DA:56,2
LF:27
LH:22
BRDA:7,0,0,2
BRDA:7,0,1,0
BRDA:11,1,0,2
BRDA:11,1,1,0
BRDA:41,2,0,0
BRDA:41,2,1,0
BRF:6
BRH:2
end_of_record
TN:
SF:config/database.js
FN:15,(anonymous_0)
FN:19,(anonymous_1)
FNF:2
FNH:0
FNDA:0,(anonymous_0)
FNDA:0,(anonymous_1)
DA:1,2
DA:3,2
DA:15,2
DA:16,0
DA:19,2
DA:20,0
DA:21,0
DA:24,2
LF:8
LH:5
BRDA:4,0,0,2
BRDA:4,0,1,0
BRDA:5,1,0,2
BRDA:5,1,1,0
BRDA:6,2,0,2
BRDA:6,2,1,0
BRDA:7,3,0,2
BRDA:7,3,1,0
BRDA:8,4,0,2
BRDA:8,4,1,0
BRF:10
BRH:5
end_of_record
TN:
SF:controllers/userController.js
FN:7,(anonymous_0)
FN:65,(anonymous_1)
FN:129,(anonymous_2)
FN:159,(anonymous_3)
FN:196,(anonymous_4)
FNF:5
FNH:1
FNDA:1,(anonymous_0)
FNDA:0,(anonymous_1)
FNDA:0,(anonymous_2)
FNDA:0,(anonymous_3)
FNDA:0,(anonymous_4)
DA:1,2
DA:2,2
DA:3,2
DA:5,2
DA:8,1
DA:9,1
DA:11,1
DA:12,0
DA:19,1
DA:24,0
DA:25,0
DA:32,0
DA:33,0
DA:36,0
DA:42,0
DA:48,0
DA:56,1
DA:57,1
DA:66,0
DA:67,0
DA:69,0
DA:70,0
DA:77,0
DA:82,0
DA:83,0
DA:89,0
DA:92,0
DA:94,0
DA:95,0
DA:102,0
DA:108,0
DA:120,0
DA:121,0
DA:130,0
DA:131,0
DA:133,0
DA:138,0
DA:139,0
DA:145,0
DA:150,0
DA:151,0
DA:160,0
DA:161,0
DA:162,0
DA:164,0
DA:173,0
DA:175,0
DA:176,0
DA:182,0
DA:187,0
DA:188,0
DA:197,0
DA:198,0
DA:202,0
DA:207,0
DA:208,0
DA:216,2
LF:57
LH:11
BRDA:11,0,0,0
BRDA:11,0,1,1
BRDA:11,1,0,1
BRDA:11,1,1,1
BRDA:11,1,2,1
BRDA:24,2,0,0
BRDA:24,2,1,0
BRDA:44,3,0,0
BRDA:44,3,1,0
BRDA:45,4,0,0
BRDA:45,4,1,0
BRDA:69,5,0,0
BRDA:69,5,1,0
BRDA:69,6,0,0
BRDA:69,6,1,0
BRDA:82,7,0,0
BRDA:82,7,1,0
BRDA:94,8,0,0
BRDA:94,8,1,0
BRDA:104,9,0,0
BRDA:104,9,1,0
BRDA:105,10,0,0
BRDA:105,10,1,0
BRDA:131,11,0,0
BRDA:131,11,1,0
BRDA:131,11,2,0
BRDA:138,12,0,0
BRDA:138,12,1,0
BRDA:161,13,0,0
BRDA:161,13,1,0
BRDA:161,13,2,0
BRDA:175,14,0,0
BRDA:175,14,1,0
BRF:33
BRH:4
end_of_record
TN:
SF:controllers/whiteboardController.js
FN:5,(anonymous_0)
FN:33,(anonymous_1)
FN:68,(anonymous_2)
FN:108,(anonymous_3)
FN:160,(anonymous_4)
FN:201,(anonymous_5)
FN:251,(anonymous_6)
FN:314,(anonymous_7)
FNF:8
FNH:0
FNDA:0,(anonymous_0)
FNDA:0,(anonymous_1)
FNDA:0,(anonymous_2)
FNDA:0,(anonymous_3)
FNDA:0,(anonymous_4)
FNDA:0,(anonymous_5)
FNDA:0,(anonymous_6)
FNDA:0,(anonymous_7)
DA:1,2
DA:3,2
DA:6,0
DA:7,0
DA:9,0
DA:17,0
DA:19,0
DA:24,0
DA:25,0
DA:34,0
DA:35,0
DA:36,0
DA:38,0
DA:45,0
DA:47,0
DA:48,0
DA:54,0
DA:59,0
DA:60,0
DA:69,0
DA:70,0
DA:71,0
DA:73,0
DA:74,0
DA:80,0
DA:86,0
DA:94,0
DA:99,0
DA:100,0
DA:109,0
DA:110,0
DA:111,0
DA:112,0
DA:115,0
DA:118,0
DA:120,0
DA:121,0
DA:127,0
DA:128,0
DA:134,0
DA:144,0
DA:146,0
DA:151,0
DA:152,0
DA:161,0
DA:162,0
DA:163,0
DA:166,0
DA:169,0
DA:171,0
DA:172,0
DA:178,0
DA:179,0
DA:185,0
DA:187,0
DA:192,0
DA:193,0
DA:202,0
DA:203,0
DA:204,0
DA:205,0
DA:208,0
DA:211,0
DA:213,0
DA:214,0
DA:220,0
DA:221,0
DA:222,0
DA:228,0
DA:235,0
DA:237,0
DA:242,0
DA:243,0
DA:252,0
DA:253,0
DA:254,0
DA:255,0
DA:258,0
DA:261,0
DA:263,0
DA:264,0
DA:270,0
DA:271,0
DA:278,0
DA:279,0
DA:281,0
DA:282,0
DA:288,0
DA:291,0
DA:298,0
DA:300,0
DA:305,0
DA:306,0
DA:315,0
DA:316,0
DA:318,0
DA:325,0
DA:327,0
DA:332,0
DA:333,0
DA:341,2
LF:101
LH:3
BRDA:7,0,0,0
BRDA:7,0,1,0
BRDA:36,1,0,0
BRDA:36,1,1,0
BRDA:47,2,0,0
BRDA:47,2,1,0
BRDA:70,3,0,0
BRDA:71,4,0,0
BRDA:71,4,1,0
BRDA:73,5,0,0
BRDA:73,5,1,0
BRDA:112,6,0,0
BRDA:112,6,1,0
BRDA:120,7,0,0
BRDA:120,7,1,0
BRDA:127,8,0,0
BRDA:127,8,1,0
BRDA:163,9,0,0
BRDA:163,9,1,0
BRDA:171,10,0,0
BRDA:171,10,1,0
BRDA:178,11,0,0
BRDA:178,11,1,0
BRDA:205,12,0,0
BRDA:205,12,1,0
BRDA:213,13,0,0
BRDA:213,13,1,0
BRDA:221,14,0,0
BRDA:221,14,1,0
BRDA:221,15,0,0
BRDA:221,15,1,0
BRDA:254,16,0,0
BRDA:255,17,0,0
BRDA:255,17,1,0
BRDA:263,18,0,0
BRDA:263,18,1,0
BRDA:270,19,0,0
BRDA:270,19,1,0
BRDA:281,20,0,0
BRDA:281,20,1,0
BRF:40
BRH:0
end_of_record
TN:
SF:routes/users.js
FNF:0
FNH:0
DA:1,2
DA:2,2
DA:3,2
DA:6,2
DA:9,2
DA:12,2
DA:15,2
DA:18,2
DA:20,2
LF:9
LH:9
BRF:0
BRH:0
end_of_record
TN:
SF:routes/whiteboards.js
FNF:0
FNH:0
DA:1,2
DA:2,2
DA:3,2
DA:6,2
DA:9,2
DA:12,2
DA:15,2
DA:18,2
DA:21,2
DA:24,2
DA:27,2
DA:29,2
LF:12
LH:12
BRF:0
BRH:0
end_of_record
