TN:
SF:server.js
FN:30,(anonymous_0)
FN:34,(anonymous_1)
FN:39,(anonymous_2)
FN:48,(anonymous_3)
FN:53,(anonymous_4)
FNF:5
FNH:1
FNDA:0,(anonymous_0)
FNDA:0,(anonymous_1)
FNDA:0,(anonymous_2)
FNDA:0,(anonymous_3)
FNDA:1,(anonymous_4)
DA:1,2
DA:2,2
DA:3,2
DA:4,2
DA:6,2
DA:7,2
DA:10,2
DA:14,2
DA:15,2
DA:18,2
DA:21,2
DA:22,2
DA:23,2
DA:25,2
DA:26,2
DA:27,2
DA:30,2
DA:31,0
DA:34,2
DA:35,0
DA:39,2
DA:40,0
DA:41,0
DA:48,2
DA:49,0
DA:53,2
DA:54,1
DA:55,1
DA:58,2
LF:29
LH:24
BRDA:7,0,0,2
BRDA:7,0,1,0
BRDA:11,1,0,2
BRDA:11,1,1,0
BRDA:43,2,0,0
BRDA:43,2,1,0
BRF:6
BRH:2
end_of_record
TN:
SF:config/database.js
FN:17,(anonymous_0)
FN:21,(anonymous_1)
FNF:2
FNH:0
FNDA:0,(anonymous_0)
FNDA:0,(anonymous_1)
DA:1,2
DA:3,2
DA:17,2
DA:18,0
DA:21,2
DA:22,0
DA:26,2
LF:7
LH:5
BRDA:4,0,0,2
BRDA:4,0,1,0
BRDA:5,1,0,2
BRDA:5,1,1,0
BRDA:6,2,0,2
BRDA:6,2,1,0
BRDA:7,3,0,2
BRDA:7,3,1,0
BRDA:8,4,0,2
BRDA:8,4,1,2
BRF:10
BRH:6
end_of_record
TN:
SF:controllers/userController.js
FN:7,(anonymous_0)
FN:65,(anonymous_1)
FN:129,(anonymous_2)
FN:159,(anonymous_3)
FN:196,(anonymous_4)
FNF:5
FNH:1
FNDA:1,(anonymous_0)
FNDA:0,(anonymous_1)
FNDA:0,(anonymous_2)
FNDA:0,(anonymous_3)
FNDA:0,(anonymous_4)
DA:1,2
DA:2,2
DA:3,2
DA:5,2
DA:8,1
DA:9,1
DA:11,1
DA:12,0
DA:19,1
DA:24,0
DA:25,0
DA:32,0
DA:33,0
DA:36,0
DA:42,0
DA:48,0
DA:56,1
DA:57,1
DA:66,0
DA:67,0
DA:69,0
DA:70,0
DA:77,0
DA:82,0
DA:83,0
DA:89,0
DA:92,0
DA:94,0
DA:95,0
DA:102,0
DA:108,0
DA:120,0
DA:121,0
DA:130,0
DA:131,0
DA:133,0
DA:138,0
DA:139,0
DA:145,0
DA:150,0
DA:151,0
DA:160,0
DA:161,0
DA:162,0
DA:164,0
DA:173,0
DA:175,0
DA:176,0
DA:182,0
DA:187,0
DA:188,0
DA:197,0
DA:198,0
DA:202,0
DA:207,0
DA:208,0
DA:216,2
LF:57
LH:11
BRDA:11,0,0,0
BRDA:11,0,1,1
BRDA:11,1,0,1
BRDA:11,1,1,1
BRDA:11,1,2,1
BRDA:24,2,0,0
BRDA:24,2,1,0
BRDA:44,3,0,0
BRDA:44,3,1,0
BRDA:45,4,0,0
BRDA:45,4,1,0
BRDA:69,5,0,0
BRDA:69,5,1,0
BRDA:69,6,0,0
BRDA:69,6,1,0
BRDA:82,7,0,0
BRDA:82,7,1,0
BRDA:94,8,0,0
BRDA:94,8,1,0
BRDA:104,9,0,0
BRDA:104,9,1,0
BRDA:105,10,0,0
BRDA:105,10,1,0
BRDA:131,11,0,0
BRDA:131,11,1,0
BRDA:131,11,2,0
BRDA:138,12,0,0
BRDA:138,12,1,0
BRDA:161,13,0,0
BRDA:161,13,1,0
BRDA:161,13,2,0
BRDA:175,14,0,0
BRDA:175,14,1,0
BRF:33
BRH:4
end_of_record
TN:
SF:controllers/whiteboardController.js
FN:5,(anonymous_0)
FN:37,(anonymous_1)
FN:72,(anonymous_2)
FN:112,(anonymous_3)
FN:164,(anonymous_4)
FN:205,(anonymous_5)
FN:255,(anonymous_6)
FN:318,(anonymous_7)
FNF:8
FNH:0
FNDA:0,(anonymous_0)
FNDA:0,(anonymous_1)
FNDA:0,(anonymous_2)
FNDA:0,(anonymous_3)
FNDA:0,(anonymous_4)
FNDA:0,(anonymous_5)
FNDA:0,(anonymous_6)
FNDA:0,(anonymous_7)
DA:1,2
DA:3,2
DA:6,0
DA:7,0
DA:8,0
DA:9,0
DA:11,0
DA:19,0
DA:20,0
DA:21,0
DA:23,0
DA:28,0
DA:29,0
DA:38,0
DA:39,0
DA:40,0
DA:42,0
DA:49,0
DA:51,0
DA:52,0
DA:58,0
DA:63,0
DA:64,0
DA:73,0
DA:74,0
DA:75,0
DA:77,0
DA:78,0
DA:84,0
DA:90,0
DA:98,0
DA:103,0
DA:104,0
DA:113,0
DA:114,0
DA:115,0
DA:116,0
DA:119,0
DA:122,0
DA:124,0
DA:125,0
DA:131,0
DA:132,0
DA:138,0
DA:148,0
DA:150,0
DA:155,0
DA:156,0
DA:165,0
DA:166,0
DA:167,0
DA:170,0
DA:173,0
DA:175,0
DA:176,0
DA:182,0
DA:183,0
DA:189,0
DA:191,0
DA:196,0
DA:197,0
DA:206,0
DA:207,0
DA:208,0
DA:209,0
DA:212,0
DA:215,0
DA:217,0
DA:218,0
DA:224,0
DA:225,0
DA:226,0
DA:232,0
DA:239,0
DA:241,0
DA:246,0
DA:247,0
DA:256,0
DA:257,0
DA:258,0
DA:259,0
DA:262,0
DA:265,0
DA:267,0
DA:268,0
DA:274,0
DA:275,0
DA:282,0
DA:283,0
DA:285,0
DA:286,0
DA:292,0
DA:295,0
DA:302,0
DA:304,0
DA:309,0
DA:310,0
DA:319,0
DA:320,0
DA:322,0
DA:329,0
DA:331,0
DA:336,0
DA:337,0
DA:345,2
LF:105
LH:3
BRDA:8,0,0,0
BRDA:8,0,1,0
BRDA:40,1,0,0
BRDA:40,1,1,0
BRDA:51,2,0,0
BRDA:51,2,1,0
BRDA:74,3,0,0
BRDA:75,4,0,0
BRDA:75,4,1,0
BRDA:77,5,0,0
BRDA:77,5,1,0
BRDA:116,6,0,0
BRDA:116,6,1,0
BRDA:124,7,0,0
BRDA:124,7,1,0
BRDA:131,8,0,0
BRDA:131,8,1,0
BRDA:167,9,0,0
BRDA:167,9,1,0
BRDA:175,10,0,0
BRDA:175,10,1,0
BRDA:182,11,0,0
BRDA:182,11,1,0
BRDA:209,12,0,0
BRDA:209,12,1,0
BRDA:217,13,0,0
BRDA:217,13,1,0
BRDA:225,14,0,0
BRDA:225,14,1,0
BRDA:225,15,0,0
BRDA:225,15,1,0
BRDA:258,16,0,0
BRDA:259,17,0,0
BRDA:259,17,1,0
BRDA:267,18,0,0
BRDA:267,18,1,0
BRDA:274,19,0,0
BRDA:274,19,1,0
BRDA:285,20,0,0
BRDA:285,20,1,0
BRF:40
BRH:0
end_of_record
TN:
SF:routes/navigation.js
FN:5,(anonymous_0)
FN:15,(anonymous_1)
FN:25,(anonymous_2)
FN:35,(anonymous_3)
FN:45,(anonymous_4)
FN:55,(anonymous_5)
FN:65,(anonymous_6)
FNF:7
FNH:0
FNDA:0,(anonymous_0)
FNDA:0,(anonymous_1)
FNDA:0,(anonymous_2)
FNDA:0,(anonymous_3)
FNDA:0,(anonymous_4)
FNDA:0,(anonymous_5)
FNDA:0,(anonymous_6)
DA:1,2
DA:2,2
DA:5,2
DA:6,0
DA:15,2
DA:16,0
DA:25,2
DA:26,0
DA:35,2
DA:36,0
DA:45,2
DA:46,0
DA:55,2
DA:56,0
DA:65,2
DA:66,0
DA:75,2
LF:17
LH:10
BRF:0
BRH:0
end_of_record
TN:
SF:routes/users.js
FNF:0
FNH:0
DA:1,2
DA:2,2
DA:3,2
DA:6,2
DA:9,2
DA:12,2
DA:15,2
DA:18,2
DA:20,2
LF:9
LH:9
BRF:0
BRH:0
end_of_record
TN:
SF:routes/whiteboards.js
FNF:0
FNH:0
DA:1,2
DA:2,2
DA:3,2
DA:6,2
DA:9,2
DA:12,2
DA:15,2
DA:18,2
DA:21,2
DA:24,2
DA:27,2
DA:29,2
LF:12
LH:12
BRF:0
BRH:0
end_of_record
